<?xml version="1.0" encoding="UTF-8"?>
<!-- Generated by org.testng.reporters.JUnitReportReporter -->
<testsuite hostname="DESKTOP-S15VDGS" failures="0" tests="1" name="testcases.LoginTestCases" time="13.617" errors="0" timestamp="2024-05-17T19:38:12 GMT-07:00" skipped="0">
  <testcase classname="testcases.LoginTestCases" name="VerifyLoginWithValidData" time="13.617"/>
  <system-out/>
</testsuite> <!-- testcases.LoginTestCases -->
