<?xml version="1.0" encoding="UTF-8"?>
<!-- Generated by org.testng.reporters.JUnitReportReporter -->
<testsuite hostname="DESKTOP-S15VDGS" failures="0" tests="2" name="testcases.RegisterTestCases" time="19.179" errors="0" timestamp="2024-05-17T20:28:59 GMT-07:00" skipped="1">
  <testcase classname="testcases.RegisterTestCases" name="VerifyRegistrationWithBlankData" time="19.179"/>
  <system-out/>
  <testcase classname="testcases.RegisterTestCases" name="VerifyRegistrationWithInvalidData">
    <skipped/>
  </testcase> <!-- VerifyRegistrationWithInvalidData -->
  <system-out/>
</testsuite> <!-- testcases.RegisterTestCases -->
