<?xml version="1.0" encoding="UTF-8"?>
<!-- Generated by org.testng.reporters.JUnitReportReporter -->
<testsuite hostname="DESKTOP-S15VDGS" failures="0" tests="3" name="testcases.RegisterTestCases" time="40.919" errors="0" timestamp="2024-05-29T11:20:44 GMT-07:00" skipped="1">
  <testcase classname="testcases.RegisterTestCases" name="VerifyRegistrationWithValidData" time="30.735"/>
  <system-out/>
  <testcase classname="testcases.RegisterTestCases" name="VerifyRegistrationWithBlankData" time="10.184"/>
  <system-out/>
  <testcase classname="testcases.RegisterTestCases" name="VerifyRegistrationWithInvalidData">
    <skipped/>
  </testcase> <!-- VerifyRegistrationWithInvalidData -->
  <system-out/>
</testsuite> <!-- testcases.RegisterTestCases -->
